[debug] [2026-03-28T00:40:57.633Z] ----------------------------------------------------------------------
[debug] [2026-03-28T00:40:57.640Z] Command:       /opt/homebrew/Cellar/node/25.2.1/bin/node /Users/pragalvhasharma/.npm-global/bin/firebase deploy
[debug] [2026-03-28T00:40:57.640Z] CLI Version:   15.11.0
[debug] [2026-03-28T00:40:57.641Z] Platform:      darwin
[debug] [2026-03-28T00:40:57.641Z] Node Version:  v25.2.1
[debug] [2026-03-28T00:40:57.641Z] Time:          Fri Mar 27 2026 20:40:57 GMT-0400 (Eastern Daylight Time)
[debug] [2026-03-28T00:40:57.641Z] ----------------------------------------------------------------------
[debug] 
[debug] [2026-03-28T00:40:58.832Z] > command requires scopes: ["email","openid","https://www.googleapis.com/auth/cloudplatformprojects.readonly","https://www.googleapis.com/auth/firebase","https://www.googleapis.com/auth/cloud-platform"]
[debug] [2026-03-28T00:40:58.833Z] > authorizing via signed-in user (pragalvhasharma@gmail.com)
[debug] [2026-03-28T00:40:58.833Z] [iam] checking project personalwebsite-136b9 for permissions ["firebase.projects.get","firebasehosting.sites.update"]
[debug] [2026-03-28T00:40:58.834Z] Checked if tokens are valid: true, expires at: 1774661042961
[debug] [2026-03-28T00:40:58.834Z] Checked if tokens are valid: true, expires at: 1774661042961
[debug] [2026-03-28T00:40:58.834Z] >>> [apiv2][query] POST https://cloudresourcemanager.googleapis.com/v1/projects/personalwebsite-136b9:testIamPermissions [none]
[debug] [2026-03-28T00:40:58.834Z] >>> [apiv2][(partial)header] POST https://cloudresourcemanager.googleapis.com/v1/projects/personalwebsite-136b9:testIamPermissions  x-goog-user-project=personalwebsite-136b9
[debug] [2026-03-28T00:40:58.834Z] >>> [apiv2][body] POST https://cloudresourcemanager.googleapis.com/v1/projects/personalwebsite-136b9:testIamPermissions {"permissions":["firebase.projects.get","firebasehosting.sites.update"]}
[debug] [2026-03-28T00:40:59.136Z] <<< [apiv2][status] POST https://cloudresourcemanager.googleapis.com/v1/projects/personalwebsite-136b9:testIamPermissions 200
[debug] [2026-03-28T00:40:59.137Z] <<< [apiv2][body] POST https://cloudresourcemanager.googleapis.com/v1/projects/personalwebsite-136b9:testIamPermissions {"permissions":["firebase.projects.get","firebasehosting.sites.update"]}
[debug] [2026-03-28T00:40:59.138Z] Checked if tokens are valid: true, expires at: 1774661042961
[debug] [2026-03-28T00:40:59.138Z] Checked if tokens are valid: true, expires at: 1774661042961
[debug] [2026-03-28T00:40:59.139Z] >>> [apiv2][query] GET https://firebase.googleapis.com/v1beta1/projects/personalwebsite-136b9 [none]
[debug] [2026-03-28T00:40:59.413Z] <<< [apiv2][status] GET https://firebase.googleapis.com/v1beta1/projects/personalwebsite-136b9 200
[debug] [2026-03-28T00:40:59.413Z] <<< [apiv2][body] GET https://firebase.googleapis.com/v1beta1/projects/personalwebsite-136b9 {"projectId":"personalwebsite-136b9","projectNumber":"17808339579","displayName":"PersonalWebsite","name":"projects/personalwebsite-136b9","resources":{"hostingSite":"personalwebsite-136b9"},"state":"ACTIVE","etag":"1_e2f1ce95-d6be-4441-bf2b-99cffb6db32d"}
[info] 
   Thank you for trying our early preview of Next.js support on Firebase Hosting.
   During the preview, support is best-effort and breaking changes can be expected. Proceed with caution.
   The integration is known to work with Next.js version 12 - 15.0. You may encounter errors.

   Documentation: https://firebase.google.com/docs/hosting/frameworks/nextjs
   File a bug: https://github.com/firebase/firebase-tools/issues/new?template=bug_report.md
   Submit a feature request: https://github.com/firebase/firebase-tools/issues/new?template=feature_request.md

   We'd love to learn from you. Express your interest in helping us shape the future of Firebase Hosting: https://goo.gle/41enW5X

[debug] [2026-03-28T00:41:02.606Z] Checked if tokens are valid: true, expires at: 1774661042961
[debug] [2026-03-28T00:41:02.606Z] Checked if tokens are valid: true, expires at: 1774661042961
[debug] [2026-03-28T00:41:02.606Z] >>> [apiv2][query] GET https://firebasehosting.googleapis.com/v1beta1/projects/personalwebsite-136b9/sites/personalwebsite-136b9 [none]
[debug] [2026-03-28T00:41:03.170Z] <<< [apiv2][status] GET https://firebasehosting.googleapis.com/v1beta1/projects/personalwebsite-136b9/sites/personalwebsite-136b9 200
[debug] [2026-03-28T00:41:03.170Z] <<< [apiv2][body] GET https://firebasehosting.googleapis.com/v1beta1/projects/personalwebsite-136b9/sites/personalwebsite-136b9 {"name":"projects/personalwebsite-136b9/sites/personalwebsite-136b9","defaultUrl":"https://personalwebsite-136b9.web.app","appId":"1:17808339579:web:9d56bd63d9f09e96af68de","type":"DEFAULT_SITE"}
[info]  ⚠ Warning: Next.js inferred your workspace root, but it may not be correct.
 We detected multiple lockfiles and selected the directory of /Users/pragalvhasharma/package-lock.json as the root directory.
 To silence this warning, set `outputFileTracingRoot` in your Next.js config, or consider removing one of the lockfiles if it's not needed.
   See https://nextjs.org/docs/app/api-reference/config/next-config-js/output#caveats for more information.
 Detected additional lockfiles: 
   * /Users/pragalvhasharma/Downloads/PragGOToDocuments/CompSci/myProjects/personal website/PersonalWebsite/package-lock.json


[info]    ▲ Next.js 15.5.7

[info] 

[info]    Creating an optimized production build ...

